[INFO|datapipe.py:319] 2020-05-24 02:19:05,087 > Initialize Data Loading..
[INFO|datapipe.py:332] 2020-05-24 02:19:07,250 > User : 방랑의 가렌 Data Loading Sucessful
[INFO|datapipe.py:319] 2020-05-24 02:21:30,920 > Initialize Data Loading..
[INFO|datapipe.py:332] 2020-05-24 02:21:32,944 > User : 방랑의 가렌 Data Loading Sucessful
[INFO|datapipe.py:319] 2020-05-24 02:27:57,918 > Initialize Data Loading..
[INFO|datapipe.py:332] 2020-05-24 02:28:00,022 > User : 방랑의 가렌 Data Loading Sucessful
[INFO|datapipe.py:319] 2020-05-24 02:28:12,899 > Initialize Data Loading..
[INFO|datapipe.py:332] 2020-05-24 02:28:14,926 > User : 방랑의 가렌 Data Loading Sucessful
[INFO|datapipe.py:319] 2020-05-24 02:35:05,831 > Initialize Data Loading..
[INFO|datapipe.py:319] 2020-05-24 02:36:09,707 > Initialize Data Loading..
[INFO|datapipe.py:332] 2020-05-24 02:36:11,846 > User : Daisy Data Loading Sucessful
[INFO|datapipe.py:319] 2020-05-24 02:37:39,579 > Initialize Data Loading..
[INFO|datapipe.py:332] 2020-05-24 02:37:41,977 > User : znhy Data Loading Sucessful
[INFO|datapipe.py:319] 2020-05-24 02:40:17,370 > Initialize Data Loading..
[INFO|datapipe.py:319] 2020-05-24 02:40:29,418 > Initialize Data Loading..
[INFO|datapipe.py:319] 2020-05-24 02:40:53,576 > Initialize Data Loading..
[INFO|datapipe.py:319] 2020-05-24 02:43:44,266 > Initialize Data Loading..
[INFO|datapipe.py:332] 2020-05-24 02:43:46,430 > User : Z감둥이Z Data Loading Sucessful
[INFO|datapipe.py:319] 2020-05-24 02:44:57,101 > Initialize Data Loading..
[INFO|datapipe.py:332] 2020-05-24 02:44:59,528 > User : To모모링 Data Loading Sucessful
[INFO|datapipe.py:319] 2020-05-24 02:45:53,731 > Initialize Data Loading..
[INFO|datapipe.py:332] 2020-05-24 02:45:56,073 > User : Da1sy Data Loading Sucessful
