[INFO|datapipe.py:319] 2020-05-24 02:19:05,087 > Initialize Data Loading..
[INFO|datapipe.py:332] 2020-05-24 02:19:07,250 > User : 방랑의 가렌 Data Loading Sucessful
[INFO|datapipe.py:319] 2020-05-24 02:21:30,920 > Initialize Data Loading..
[INFO|datapipe.py:332] 2020-05-24 02:21:32,944 > User : 방랑의 가렌 Data Loading Sucessful
[INFO|datapipe.py:319] 2020-05-24 02:27:57,918 > Initialize Data Loading..
[INFO|datapipe.py:332] 2020-05-24 02:28:00,022 > User : 방랑의 가렌 Data Loading Sucessful
[INFO|datapipe.py:319] 2020-05-24 02:28:12,899 > Initialize Data Loading..
[INFO|datapipe.py:332] 2020-05-24 02:28:14,926 > User : 방랑의 가렌 Data Loading Sucessful
[INFO|datapipe.py:319] 2020-05-24 02:35:05,831 > Initialize Data Loading..
[INFO|datapipe.py:319] 2020-05-24 02:36:09,707 > Initialize Data Loading..
[INFO|datapipe.py:332] 2020-05-24 02:36:11,846 > User : Daisy Data Loading Sucessful
[INFO|datapipe.py:319] 2020-05-24 02:37:39,579 > Initialize Data Loading..
[INFO|datapipe.py:332] 2020-05-24 02:37:41,977 > User : znhy Data Loading Sucessful
[INFO|datapipe.py:319] 2020-05-24 02:40:17,370 > Initialize Data Loading..
[INFO|datapipe.py:319] 2020-05-24 02:40:29,418 > Initialize Data Loading..
[INFO|datapipe.py:319] 2020-05-24 02:40:53,576 > Initialize Data Loading..
[INFO|datapipe.py:319] 2020-05-24 02:43:44,266 > Initialize Data Loading..
[INFO|datapipe.py:332] 2020-05-24 02:43:46,430 > User : Z감둥이Z Data Loading Sucessful
[INFO|datapipe.py:319] 2020-05-24 02:44:57,101 > Initialize Data Loading..
[INFO|datapipe.py:332] 2020-05-24 02:44:59,528 > User : To모모링 Data Loading Sucessful
[INFO|datapipe.py:319] 2020-05-24 02:45:53,731 > Initialize Data Loading..
[INFO|datapipe.py:332] 2020-05-24 02:45:56,073 > User : Da1sy Data Loading Sucessful
[INFO|datapipe.py:319] 2020-05-25 08:40:39,517 > Initialize Data Loading..
[INFO|datapipe.py:332] 2020-05-25 08:40:41,562 > User : 방랑의 가렌 Data Loading Sucessful
[INFO|datapipe.py:316] 2020-05-25 12:04:31,481 > Initialize Data Loading..
[INFO|datapipe.py:329] 2020-05-25 12:04:33,033 > User : 방랑의 가렌 Data Loading Sucessful
[INFO|datapipe.py:316] 2020-05-25 12:05:07,016 > Initialize Data Loading..
[INFO|datapipe.py:329] 2020-05-25 12:05:08,393 > User : 방랑의 가렌 Data Loading Sucessful
[INFO|datapipe.py:316] 2020-05-25 12:09:21,313 > Initialize Data Loading..
[INFO|datapipe.py:329] 2020-05-25 12:09:22,563 > User : 방랑의 가렌 Data Loading Sucessful
[INFO|datapipe.py:316] 2020-05-25 12:10:23,181 > Initialize Data Loading..
[INFO|datapipe.py:329] 2020-05-25 12:10:24,658 > User : 방랑의 가렌 Data Loading Sucessful
[INFO|datapipe.py:316] 2020-05-25 12:11:44,772 > Initialize Data Loading..
[INFO|datapipe.py:329] 2020-05-25 12:11:46,582 > User : 방랑의 가렌 Data Loading Sucessful
[INFO|datapipe.py:316] 2020-05-25 12:12:08,154 > Initialize Data Loading..
[INFO|datapipe.py:329] 2020-05-25 12:12:10,109 > User : 방랑의 가렌 Data Loading Sucessful
[INFO|datapipe.py:316] 2020-05-25 12:12:32,878 > Initialize Data Loading..
[INFO|datapipe.py:329] 2020-05-25 12:12:35,379 > User : 방랑의 가렌 Data Loading Sucessful
[INFO|datapipe.py:316] 2020-05-25 12:13:03,054 > Initialize Data Loading..
[INFO|datapipe.py:329] 2020-05-25 12:13:04,369 > User : 방랑의 가렌 Data Loading Sucessful
[INFO|datapipe.py:316] 2020-05-25 13:38:06,046 > Initialize Data Loading..
[INFO|datapipe.py:329] 2020-05-25 13:38:07,456 > User : 방랑의 가렌 Data Loading Sucessful
[INFO|datapipe.py:316] 2020-05-25 13:38:54,354 > Initialize Data Loading..
[INFO|datapipe.py:329] 2020-05-25 13:38:55,871 > User : 방랑의 가렌 Data Loading Sucessful
[INFO|datapipe.py:316] 2020-05-25 13:39:07,811 > Initialize Data Loading..
[INFO|datapipe.py:329] 2020-05-25 13:39:09,770 > User : 방랑의 가렌 Data Loading Sucessful
[INFO|datapipe.py:316] 2020-05-25 13:59:02,739 > Initialize Data Loading..
[INFO|datapipe.py:329] 2020-05-25 13:59:04,692 > User : 방랑의 가렌 Data Loading Sucessful
[INFO|datapipe.py:316] 2020-05-25 14:06:51,738 > Initialize Data Loading..
[INFO|datapipe.py:329] 2020-05-25 14:06:53,083 > User : 최소실버가목표 Data Loading Sucessful
[INFO|datapipe.py:316] 2020-05-25 15:26:13,072 > Initialize Data Loading..
[INFO|datapipe.py:329] 2020-05-25 15:26:14,366 > User : 방랑의 가렌 Data Loading Sucessful
[INFO|datapipe.py:316] 2020-05-25 15:29:57,585 > Initialize Data Loading..
[INFO|datapipe.py:329] 2020-05-25 15:29:58,771 > User : 방랑의 가렌 Data Loading Sucessful
[INFO|datapipe.py:316] 2020-05-25 15:31:07,406 > Initialize Data Loading..
[INFO|datapipe.py:329] 2020-05-25 15:31:09,168 > User : 최소실버가목표 Data Loading Sucessful
[INFO|datapipe.py:316] 2020-05-25 15:51:06,961 > Initialize Data Loading..
[INFO|datapipe.py:316] 2020-05-25 15:53:39,284 > Initialize Data Loading..
[INFO|datapipe.py:329] 2020-05-25 15:53:40,582 > User : 방랑의 가렌 Data Loading Sucessful
[INFO|datapipe.py:316] 2020-05-25 16:07:13,789 > Initialize Data Loading..
[INFO|datapipe.py:329] 2020-05-25 16:07:15,578 > User : Da1sy Data Loading Sucessful
[INFO|datapipe.py:316] 2020-05-25 16:07:32,978 > Initialize Data Loading..
[INFO|datapipe.py:329] 2020-05-25 16:07:34,427 > User : Da1sy Data Loading Sucessful
[INFO|datapipe.py:316] 2020-05-25 16:08:23,035 > Initialize Data Loading..
[INFO|datapipe.py:329] 2020-05-25 16:08:26,039 > User : Da1sy Data Loading Sucessful
[INFO|datapipe.py:316] 2020-05-25 16:08:37,372 > Initialize Data Loading..
[INFO|datapipe.py:329] 2020-05-25 16:08:40,087 > User : Da1sy Data Loading Sucessful
[INFO|datapipe.py:316] 2020-05-25 16:09:27,829 > Initialize Data Loading..
[INFO|datapipe.py:329] 2020-05-25 16:09:30,313 > User : OwOwOwOwOwOwOwO Data Loading Sucessful
[INFO|datapipe.py:316] 2020-05-25 16:09:38,711 > Initialize Data Loading..
[INFO|datapipe.py:329] 2020-05-25 16:09:40,244 > User : OwOwOwOwOwOwOwO Data Loading Sucessful
[INFO|datapipe.py:316] 2020-05-25 16:10:11,256 > Initialize Data Loading..
[INFO|datapipe.py:329] 2020-05-25 16:10:15,819 > User : OwOwOwOwOwOwOwO Data Loading Sucessful
[INFO|datapipe.py:316] 2020-05-25 16:11:32,461 > Initialize Data Loading..
[INFO|datapipe.py:329] 2020-05-25 16:11:33,887 > User : OwOwOwOwOwOwOwO Data Loading Sucessful
[INFO|datapipe.py:316] 2020-05-25 16:11:42,007 > Initialize Data Loading..
[INFO|datapipe.py:329] 2020-05-25 16:11:44,704 > User : OwOwOwOwOwOwOwO Data Loading Sucessful
[INFO|datapipe.py:316] 2020-05-25 16:20:35,925 > Initialize Data Loading..
[INFO|datapipe.py:329] 2020-05-25 16:20:38,922 > User : OwOwOwOwOwOwOwO Data Loading Sucessful
[INFO|datapipe.py:316] 2020-05-25 16:22:06,353 > Initialize Data Loading..
[INFO|datapipe.py:329] 2020-05-25 16:22:08,695 > User : OwOwOwOwOwOwOwO Data Loading Sucessful
[INFO|datapipe.py:316] 2020-05-25 16:35:04,177 > Initialize Data Loading..
[INFO|datapipe.py:329] 2020-05-25 16:35:05,684 > User : da1sy Data Loading Sucessful
[INFO|datapipe.py:316] 2020-05-25 16:35:39,454 > Initialize Data Loading..
[INFO|datapipe.py:329] 2020-05-25 16:35:40,663 > User : kimii Data Loading Sucessful
[INFO|datapipe.py:316] 2020-05-25 17:11:16,546 > Initialize Data Loading..
[INFO|datapipe.py:329] 2020-05-25 17:11:17,879 > User : 최소실버가목표 Data Loading Sucessful
[INFO|datapipe.py:348] 2020-05-25 23:50:35,145 > Initialize Data Loading..
[INFO|datapipe.py:349] 2020-05-25 23:57:10,875 > Initialize Data Loading..
[INFO|datapipe.py:362] 2020-05-25 23:57:13,070 > User : 방랑의 가렌 Data Loading Sucessful
[INFO|datapipe.py:349] 2020-05-25 23:57:33,996 > Initialize Data Loading..
[INFO|datapipe.py:362] 2020-05-25 23:57:36,069 > User : 최소실버가목표 Data Loading Sucessful
[INFO|datapipe.py:349] 2020-05-25 23:57:52,080 > Initialize Data Loading..
[INFO|datapipe.py:362] 2020-05-25 23:57:54,367 > User : Da1sy Data Loading Sucessful
[INFO|datapipe.py:349] 2020-05-25 23:58:20,743 > Initialize Data Loading..
[INFO|datapipe.py:362] 2020-05-25 23:58:22,863 > User : 방랑의 가렌 Data Loading Sucessful
[INFO|datapipe.py:349] 2020-05-26 00:00:02,191 > Initialize Data Loading..
[INFO|datapipe.py:362] 2020-05-26 00:00:04,261 > User : 방랑의 가렌 Data Loading Sucessful
[INFO|datapipe.py:349] 2020-05-26 00:00:11,378 > Initialize Data Loading..
[INFO|datapipe.py:362] 2020-05-26 00:00:13,663 > User : 방랑의 가렌 Data Loading Sucessful
[INFO|datapipe.py:349] 2020-05-26 00:01:00,183 > Initialize Data Loading..
[INFO|datapipe.py:362] 2020-05-26 00:01:02,359 > User : 방랑의 가렌 Data Loading Sucessful
[INFO|datapipe.py:349] 2020-05-26 00:09:16,816 > Initialize Data Loading..
[INFO|datapipe.py:362] 2020-05-26 00:09:18,964 > User : 방랑의 가렌 Data Loading Sucessful
[INFO|datapipe.py:349] 2020-05-26 00:09:45,959 > Initialize Data Loading..
[INFO|datapipe.py:362] 2020-05-26 00:09:48,361 > User : 방랑의 가렌 Data Loading Sucessful
[INFO|datapipe.py:349] 2020-05-26 00:10:00,420 > Initialize Data Loading..
[INFO|datapipe.py:362] 2020-05-26 00:10:02,576 > User : 방랑의 가렌 Data Loading Sucessful
[INFO|datapipe.py:349] 2020-05-26 00:10:14,624 > Initialize Data Loading..
[INFO|datapipe.py:362] 2020-05-26 00:10:16,779 > User : 방랑의 가렌 Data Loading Sucessful
[INFO|datapipe.py:349] 2020-05-26 00:11:16,324 > Initialize Data Loading..
[INFO|datapipe.py:362] 2020-05-26 00:11:18,371 > User : Da1sy Data Loading Sucessful
[INFO|datapipe.py:349] 2020-05-26 00:11:33,278 > Initialize Data Loading..
[INFO|datapipe.py:362] 2020-05-26 00:11:35,281 > User : Da1sy Data Loading Sucessful
[INFO|datapipe.py:349] 2020-05-26 00:11:49,519 > Initialize Data Loading..
[INFO|datapipe.py:362] 2020-05-26 00:11:51,679 > User : Da1sy Data Loading Sucessful
[INFO|datapipe.py:349] 2020-05-26 00:48:40,717 > Initialize Data Loading..
[INFO|datapipe.py:362] 2020-05-26 00:48:42,861 > User : 이불킥 아티스트 Data Loading Sucessful
[INFO|datapipe.py:349] 2020-05-26 00:50:14,714 > Initialize Data Loading..
[INFO|datapipe.py:362] 2020-05-26 00:50:16,681 > User : 이불킥 아티스트 Data Loading Sucessful
[INFO|datapipe.py:349] 2020-05-26 00:50:23,649 > Initialize Data Loading..
[INFO|datapipe.py:362] 2020-05-26 00:50:25,590 > User : 이불킥 아티스트 Data Loading Sucessful
[INFO|datapipe.py:349] 2020-05-26 00:50:32,559 > Initialize Data Loading..
[INFO|datapipe.py:362] 2020-05-26 00:50:34,558 > User : 방랑의 가렌 Data Loading Sucessful
[INFO|datapipe.py:348] 2020-05-26 04:36:10,603 > Initialize Data Loading..
[INFO|datapipe.py:361] 2020-05-26 04:36:12,763 > User : 방랑의 가렌 Data Loading Sucessful
[INFO|datapipe.py:348] 2020-05-26 04:36:27,129 > Initialize Data Loading..
[ERROR|datapipe.py:351] 2020-05-26 04:36:27,327 > Name Not Found
[INFO|datapipe.py:348] 2020-05-26 04:39:59,458 > Initialize Data Loading..
[INFO|datapipe.py:361] 2020-05-26 04:40:02,658 > User : 방랑의 가렌 Data Loading Sucessful
[INFO|datapipe.py:348] 2020-05-26 04:41:04,079 > Initialize Data Loading..
[INFO|datapipe.py:361] 2020-05-26 04:41:06,962 > User : 방랑의 가렌 Data Loading Sucessful
[INFO|datapipe.py:348] 2020-05-26 04:42:09,906 > Initialize Data Loading..
[INFO|datapipe.py:361] 2020-05-26 04:42:12,865 > User : 방랑의 가렌 Data Loading Sucessful
[INFO|datapipe.py:348] 2020-05-26 04:46:54,885 > Initialize Data Loading..
[INFO|datapipe.py:361] 2020-05-26 04:46:57,968 > User : 방랑의 가렌 Data Loading Sucessful
[INFO|datapipe.py:348] 2020-05-26 04:48:41,514 > Initialize Data Loading..
[INFO|datapipe.py:361] 2020-05-26 04:48:44,367 > User : Da1sy Data Loading Sucessful
[INFO|datapipe.py:348] 2020-05-26 04:48:52,587 > Initialize Data Loading..
[INFO|datapipe.py:361] 2020-05-26 04:48:55,377 > User : 방랑의 가렌 Data Loading Sucessful
[INFO|datapipe.py:348] 2020-05-26 04:49:12,364 > Initialize Data Loading..
[INFO|datapipe.py:361] 2020-05-26 04:49:15,271 > User : znhy Data Loading Sucessful
[INFO|datapipe.py:348] 2020-05-26 04:50:04,822 > Initialize Data Loading..
[ERROR|datapipe.py:351] 2020-05-26 04:50:05,039 > Name Not Found
[INFO|datapipe.py:348] 2020-05-26 04:53:30,374 > Initialize Data Loading..
[INFO|datapipe.py:361] 2020-05-26 04:53:33,479 > User : znhy Data Loading Sucessful
